<?xml version="1.0" encoding="UTF-8"?>
<testsuite xmlns:xsi="http://www.w3.org/2001/XMLSchema-instance" xsi:noNamespaceSchemaLocation="https://maven.apache.org/surefire/maven-surefire-plugin/xsd/surefire-test-report.xsd" version="3.0.2" name="com.weather.app.WeatherTest" time="3.219" tests="1" errors="0" skipped="0" failures="0">
  <properties>
[...]
</properties>
  <testcase name="validateWeather" classname="com.weather.app.WeatherTest" time="2.656">
    <system-out><![CDATA[--- Starting Weather API Test for Karimnagar ---
Server Response Body: {"cod":401, "message": "Invalid API key. Please see https://openweathermap.org/faq#error401 for more info."}
Status Code: 401
TEST FAILED: Server returned an error. Check the Response Body above.
]]></system-out>
    <system-err><![CDATA[SLF4J: Failed to load class "org.slf4j.impl.StaticLoggerBinder".
SLF4J: Defaulting to no-operation (NOP) logger implementation
SLF4J: See http://www.slf4j.org/codes.html#StaticLoggerBinder for further details.
]]></system-err>
  </testcase>
</testsuite>