<?xml version="1.0" encoding="UTF-8"?>
<testsuite xmlns:xsi="http://www.w3.org/2001/XMLSchema-instance" xsi:noNamespaceSchemaLocation="https://maven.apache.org/surefire/maven-surefire-plugin/xsd/surefire-test-report.xsd" version="3.0.2" name="com.weather.app.WeatherTest" time="4.362" tests="1" errors="0" skipped="0" failures="0">
  <properties>
[...]
</properties>
  <testcase name="validateWeather" classname="com.weather.app.WeatherTest" time="3.611">
    <system-out><![CDATA[--- Starting Weather API Test for Karimnagar ---
Server Response Body: {"coord":{"lon":79.15,"lat":18.4333},"weather":[{"id":800,"main":"Clear","description":"clear sky","icon":"01d"}],"base":"stations","main":{"temp":37.12,"feels_like":35.73,"temp_min":37.12,"temp_max":37.12,"pressure":1002,"humidity":21,"sea_level":1002,"grnd_level":968},"visibility":10000,"wind":{"speed":1.65,"deg":194,"gust":1.63},"clouds":{"all":0},"dt":1777465981,"sys":{"country":"IN","sunrise":1777421847,"sunset":1777467835},"timezone":19800,"id":1267755,"name":"Karīmnagar","cod":200}
Status Code: 200
Current Temperature in Karimnagar is: 37.12°C
]]></system-out>
    <system-err><![CDATA[SLF4J: Failed to load class "org.slf4j.impl.StaticLoggerBinder".
SLF4J: Defaulting to no-operation (NOP) logger implementation
SLF4J: See http://www.slf4j.org/codes.html#StaticLoggerBinder for further details.
]]></system-err>
  </testcase>
</testsuite>