<?xml version="1.0" encoding="UTF-8"?>
<testng-results ignored="0" total="1" passed="1" failed="0" skipped="0">
  <reporter-output>
  </reporter-output>
  <suite started-at="2026-04-29T12:32:58 GMT" name="Surefire suite" finished-at="2026-04-29T12:33:02 GMT" duration-ms="3657">
    <groups>
    </groups>
    <test started-at="2026-04-29T12:32:58 GMT" name="Surefire test" finished-at="2026-04-29T12:33:02 GMT" duration-ms="3657">
      <class name="com.weather.app.WeatherTest">
        <test-method signature="validateWeather()[pri:0, instance:com.weather.app.WeatherTest@4009e306]" started-at="2026-04-29T12:32:58 GMT" name="validateWeather" finished-at="2026-04-29T12:33:02 GMT" duration-ms="3610" status="PASS">
          <reporter-output>
          </reporter-output>
        </test-method> <!-- validateWeather -->
      </class> <!-- com.weather.app.WeatherTest -->
    </test> <!-- Surefire test -->
  </suite> <!-- Surefire suite -->
</testng-results>
